<?xml version="1.0" encoding="UTF-8"?>
<testsuite name="TestSuite" time="7.818" tests="37" errors="0" skipped="0" failures="2">
  <properties>
[...]
</properties>
  <testcase name="checkContentType" classname="com.restAssuredTestng.testCases.TC002_getOneEmployeeTest" time="0.007"/>
  <testcase name="checkName" classname="com.restAssuredTestng.testCases.TC002_getOneEmployeeTest" time="0"/>
  <testcase name="checkServer" classname="com.restAssuredTestng.testCases.TC002_getOneEmployeeTest" time="0"/>
  <testcase name="checkStatusCode" classname="com.restAssuredTestng.testCases.TC002_getOneEmployeeTest" time="0"/>
  <testcase name="checkStatusLine" classname="com.restAssuredTestng.testCases.TC002_getOneEmployeeTest" time="0.001"/>
  <testcase name="checkTime" classname="com.restAssuredTestng.testCases.TC002_getOneEmployeeTest" time="0"/>
  <testcase name="addNewEmployees" classname="com.restAssuredTestng.testCases.TC004_DDT_createEmployeeTest" time="7.806"/>
  <testcase name="addNewEmployees" classname="com.restAssuredTestng.testCases.TC004_DDT_createEmployeeTest" time="5.977"/>
  <testcase name="addNewEmployees" classname="com.restAssuredTestng.testCases.TC004_DDT_createEmployeeTest" time="5.84"/>
  <testcase name="addNewEmployees" classname="com.restAssuredTestng.testCases.TC004_DDT_createEmployeeTest" time="8.194">
    <failure message="expected [429] but found [200]" type="java.lang.AssertionError">java.lang.AssertionError: expected [429] but found [200]
	at org.testng.Assert.fail(Assert.java:96)
	at org.testng.Assert.failNotEquals(Assert.java:776)
	at org.testng.Assert.assertEqualsImpl(Assert.java:137)
	at org.testng.Assert.assertEquals(Assert.java:118)
	at org.testng.Assert.assertEquals(Assert.java:652)
	at org.testng.Assert.assertEquals(Assert.java:662)
	at com.restAssuredTestng.testCases.TC004_DDT_createEmployeeTest.addNewEmployees(TC004_DDT_createEmployeeTest.java:33)
</failure>
    <system-out><![CDATA[employ4
5700
32
]]></system-out>
  </testcase>
  <testcase name="addNewEmployees" classname="com.restAssuredTestng.testCases.TC004_DDT_createEmployeeTest" time="8.069"/>
  <testcase name="addNewEmployees" classname="com.restAssuredTestng.testCases.TC004_DDT_createEmployeeTest" time="5.876">
    <failure message="expected [500] but found [200]" type="java.lang.AssertionError">java.lang.AssertionError: expected [500] but found [200]
	at org.testng.Assert.fail(Assert.java:96)
	at org.testng.Assert.failNotEquals(Assert.java:776)
	at org.testng.Assert.assertEqualsImpl(Assert.java:137)
	at org.testng.Assert.assertEquals(Assert.java:118)
	at org.testng.Assert.assertEquals(Assert.java:652)
	at org.testng.Assert.assertEquals(Assert.java:662)
	at com.restAssuredTestng.testCases.TC004_DDT_createEmployeeTest.addNewEmployees(TC004_DDT_createEmployeeTest.java:33)
</failure>
    <system-out><![CDATA[employ6
5800
39
]]></system-out>
  </testcase>
  <testcase name="checkAge" classname="com.restAssuredTestng.testCases.TC005_updateEmployeeTest" time="0"/>
  <testcase name="checkContentType" classname="com.restAssuredTestng.testCases.TC005_updateEmployeeTest" time="0"/>
  <testcase name="checkName" classname="com.restAssuredTestng.testCases.TC005_updateEmployeeTest" time="0"/>
  <testcase name="checkSalary" classname="com.restAssuredTestng.testCases.TC005_updateEmployeeTest" time="0"/>
  <testcase name="checkStatusCode" classname="com.restAssuredTestng.testCases.TC005_updateEmployeeTest" time="0.001"/>
  <testcase name="checkStatusLine" classname="com.restAssuredTestng.testCases.TC005_updateEmployeeTest" time="0"/>
  <testcase name="checkTime" classname="com.restAssuredTestng.testCases.TC005_updateEmployeeTest" time="0"/>
  <testcase name="checkBody" classname="com.restAssuredTestng.testCases.TC006_deleteOneEmployeeTest" time="0"/>
  <testcase name="checkServer" classname="com.restAssuredTestng.testCases.TC006_deleteOneEmployeeTest" time="0"/>
  <testcase name="checkStatusCode" classname="com.restAssuredTestng.testCases.TC006_deleteOneEmployeeTest" time="0"/>
  <testcase name="checkStatusLine" classname="com.restAssuredTestng.testCases.TC006_deleteOneEmployeeTest" time="0"/>
  <testcase name="checkTime" classname="com.restAssuredTestng.testCases.TC006_deleteOneEmployeeTest" time="0"/>
  <testcase name="checkContentType" classname="com.restAssuredTestng.testCases.TC001_getAllEmployeesTest" time="0"/>
  <testcase name="checkServer" classname="com.restAssuredTestng.testCases.TC001_getAllEmployeesTest" time="0"/>
  <testcase name="checkStatusCode" classname="com.restAssuredTestng.testCases.TC001_getAllEmployeesTest" time="0"/>
  <testcase name="checkStatusLine" classname="com.restAssuredTestng.testCases.TC001_getAllEmployeesTest" time="0.001"/>
  <testcase name="checkTime" classname="com.restAssuredTestng.testCases.TC001_getAllEmployeesTest" time="0"/>
  <testcase name="checkAge" classname="com.restAssuredTestng.testCases.TC003_createEmployeeTest" time="0.001"/>
  <testcase name="checkContentType" classname="com.restAssuredTestng.testCases.TC003_createEmployeeTest" time="0"/>
  <testcase name="checkName" classname="com.restAssuredTestng.testCases.TC003_createEmployeeTest" time="0"/>
  <testcase name="checkSalary" classname="com.restAssuredTestng.testCases.TC003_createEmployeeTest" time="0.001"/>
  <testcase name="checkServer" classname="com.restAssuredTestng.testCases.TC003_createEmployeeTest" time="0"/>
  <testcase name="checkStatusCode" classname="com.restAssuredTestng.testCases.TC003_createEmployeeTest" time="0"/>
  <testcase name="checkStatusLine" classname="com.restAssuredTestng.testCases.TC003_createEmployeeTest" time="0"/>
  <testcase name="checkTime" classname="com.restAssuredTestng.testCases.TC003_createEmployeeTest" time="0"/>
</testsuite>